
R version 4.1.2 (2021-11-01) -- "Bird Hippie"
Copyright (C) 2021 The R Foundation for Statistical Computing
Platform: x86_64-pc-linux-gnu (64-bit)

R is free software and comes with ABSOLUTELY NO WARRANTY.
You are welcome to redistribute it under certain conditions.
Type 'license()' or 'licence()' for distribution details.

  Natural language support but running in an English locale

R is a collaborative project with many contributors.
Type 'contributors()' for more information and
'citation()' on how to cite R or R packages in publications.

Type 'demo()' for some demos, 'help()' for on-line help, or
'help.start()' for an HTML browser interface to help.
Type 'q()' to quit R.

> library("devtools")
Loading required package: usethis
> library("foreach")
> library("doParallel")
Loading required package: iterators
Loading required package: parallel
> registerDoParallel(cores=4)
> load_all("../../")
i Loading diffdriver
> i1=1
> i2=0
> i3=1200
> Nsim=100
> simuresdiff=power_comparediff(binary=TRUE,Nite=Nsim,sgdata=sgdata,bmrpars=log(BMR),Nsample=i3,betaf0=i1,beta_gc=c(i2,Fe),para=c(0.8,0.2),hotseq=hotseq0,hmm=hmm)
[1] "Iteration: 1"
[1] "Iteration: 2"
[1] "Iteration: 3"
[1] "Iteration: 4"
[1] "Iteration: 5"
[1] "Iteration: 6"
[1] "Iteration: 7"
[1] "Iteration: 8"
[1] "Iteration: 9"
[1] "Iteration: 10"
[1] "Iteration: 11"
[1] "Iteration: 12"
[1] "Iteration: 13"
[1] "Iteration: 14"
[1] "Iteration: 15"
[1] "Iteration: 16"
[1] "Iteration: 17"
[1] "Iteration: 18"
[1] "Iteration: 19"
[1] "Iteration: 20"
[1] "Iteration: 21"
[1] "Iteration: 22"
[1] "Iteration: 23"
[1] "Iteration: 24"
[1] "Iteration: 25"
[1] "Iteration: 26"
[1] "Iteration: 27"
[1] "Iteration: 28"
[1] "Iteration: 29"
[1] "Iteration: 30"
[1] "Iteration: 31"
[1] "Iteration: 32"
[1] "Iteration: 33"
[1] "Iteration: 34"
[1] "Iteration: 35"
[1] "Iteration: 36"
[1] "Iteration: 37"
[1] "Iteration: 38"
[1] "Iteration: 39"
[1] "Iteration: 40"
[1] "Iteration: 41"
[1] "Iteration: 42"
[1] "Iteration: 43"
[1] "Iteration: 44"
[1] "Iteration: 45"
[1] "Iteration: 46"
[1] "Iteration: 47"
[1] "Iteration: 48"
[1] "Iteration: 49"
[1] "Iteration: 50"
[1] "Iteration: 51"
[1] "Iteration: 52"
[1] "Iteration: 53"
[1] "Iteration: 54"
[1] "Iteration: 55"
[1] "Iteration: 56"
[1] "Iteration: 57"
[1] "Iteration: 58"
[1] "Iteration: 59"
[1] "Iteration: 60"
[1] "Iteration: 61"
[1] "Iteration: 62"
[1] "Iteration: 63"
[1] "Iteration: 64"
[1] "Iteration: 65"
[1] "Iteration: 66"
[1] "Iteration: 67"
[1] "Iteration: 68"
[1] "Iteration: 69"
[1] "Iteration: 70"
[1] "Iteration: 71"
[1] "Iteration: 72"
[1] "Iteration: 73"
[1] "Iteration: 74"
[1] "Iteration: 75"
[1] "Iteration: 76"
[1] "Iteration: 77"
[1] "Iteration: 78"
[1] "Iteration: 79"
[1] "Iteration: 80"
[1] "Iteration: 81"
[1] "Iteration: 82"
[1] "Iteration: 83"
[1] "Iteration: 84"
[1] "Iteration: 85"
[1] "Iteration: 86"
[1] "Iteration: 87"
[1] "Iteration: 88"
[1] "Iteration: 89"
[1] "Iteration: 90"
[1] "Iteration: 91"
[1] "Iteration: 92"
[1] "Iteration: 93"
[1] "Iteration: 94"
[1] "Iteration: 95"
[1] "Iteration: 96"
[1] "Iteration: 97"
[1] "Iteration: 98"
[1] "Iteration: 99"
[1] "Iteration: 100"
There were 50 or more warnings (use warnings() to see the first 50)
> save(simuresdiff,file="pppower_betaf0=1_betagc=0_sample1200.Rd")
> q("no")
> proc.time()
     user    system   elapsed 
45182.755  6130.664 51380.266 
