
R version 4.1.2 (2021-11-01) -- "Bird Hippie"
Copyright (C) 2021 The R Foundation for Statistical Computing
Platform: x86_64-pc-linux-gnu (64-bit)

R is free software and comes with ABSOLUTELY NO WARRANTY.
You are welcome to redistribute it under certain conditions.
Type 'license()' or 'licence()' for distribution details.

  Natural language support but running in an English locale

R is a collaborative project with many contributors.
Type 'contributors()' for more information and
'citation()' on how to cite R or R packages in publications.

Type 'demo()' for some demos, 'help()' for on-line help, or
'help.start()' for an HTML browser interface to help.
Type 'q()' to quit R.

> library("devtools")
Loading required package: usethis
> library("foreach")
> library("doParallel")
Loading required package: iterators
Loading required package: parallel
> registerDoParallel(cores=4)
> load_all("../../")
i Loading diffdriver
> i1=0
> i2=0
> i3=200
> Nsim=50
> simures=power_compare(binary=F,Nite=Nsim,sgdata=sgdata,bmrpars=log(BMR),Nsample=i3,betaf0=i1,beta_gc=c(i2,Fe),para=c(0,5,0.1,1),hotseq=hotseq0,hmm=hmm)
[1] "Iteration: 1"
[1] "Iteration: 2"
[1] "Iteration: 3"
[1] "Iteration: 4"
[1] "Iteration: 5"
[1] "Iteration: 6"
[1] "Iteration: 7"
[1] "Iteration: 8"
[1] "Iteration: 9"
[1] "Iteration: 10"
[1] "Iteration: 11"
[1] "Iteration: 12"
[1] "Iteration: 13"
[1] "Iteration: 14"
[1] "Iteration: 15"
[1] "Iteration: 16"
[1] "Iteration: 17"
[1] "Iteration: 18"
[1] "Iteration: 19"
[1] "Iteration: 20"
[1] "Iteration: 21"
[1] "Iteration: 22"
[1] "Iteration: 23"
[1] "Iteration: 24"
[1] "Iteration: 25"
[1] "Iteration: 26"
[1] "Iteration: 27"
[1] "Iteration: 28"
[1] "Iteration: 29"
[1] "Iteration: 30"
[1] "Iteration: 31"
[1] "Iteration: 32"
[1] "Iteration: 33"
[1] "Iteration: 34"
[1] "Iteration: 35"
[1] "Iteration: 36"
[1] "Iteration: 37"
[1] "Iteration: 38"
[1] "Iteration: 39"
[1] "Iteration: 40"
[1] "Iteration: 41"
[1] "Iteration: 42"
[1] "Iteration: 43"
[1] "Iteration: 44"
[1] "Iteration: 45"
[1] "Iteration: 46"
[1] "Iteration: 47"
[1] "Iteration: 48"
[1] "Iteration: 49"
[1] "Iteration: 50"
> save(simures,file="pppower_betaf0=0_betagc=0_sample200.Rd")
> q("no")
> proc.time()
     user    system   elapsed 
21582.035  3740.965 11499.268 
